New log file opened at Mon May 11 19:26:09 CDT 2015 by 8892@MikesPC
Taking next connection to: 62842
New client attempting to connect on port: 62843-62842
  Address = /192.168.1.2:62842
This client on port 62843 has uuid 1b54d978-17d5-4704-bcec-150f4cdcbf85 configName activator humanReadableName Activator protocolVersion 1 featureTags Vector()
Connected Clients: activator-1b54d978-17d5-4704-bcec-150f4cdcbf85
Taking next connection to: 62842
New client attempting to connect on port: 62848-62842
  Address = /192.168.1.2:62842
Handshake exception on socket: 62848
sbt.impl.ipc.HandshakeException: Unable to perform handshake
	at sbt.impl.ipc.Peer.handshake(IPC.scala:46)
	at sbt.impl.ipc.MultiClientServer.<init>(IPC.scala:150)
	at sbt.server.SbtServerSocketHandler$$anon$1.run(SbtServerSocketHandler.scala:43)
Caused by: java.net.SocketException: Software caused connection abort: recv failed
	at java.net.SocketInputStream.socketRead0(Native Method)
	at java.net.SocketInputStream.read(SocketInputStream.java:152)
	at java.net.SocketInputStream.read(SocketInputStream.java:122)
	at java.io.BufferedInputStream.fill(BufferedInputStream.java:235)
	at java.io.BufferedInputStream.read(BufferedInputStream.java:254)
	at java.io.DataInputStream.readInt(DataInputStream.java:387)
	at sbt.impl.ipc.Peer.receive(IPC.scala:95)
	at sbt.impl.ipc.Peer.handshake(IPC.scala:49)
	... 2 more
Taking next connection to: 62842
New client attempting to connect on port: 62849-62842
  Address = /192.168.1.2:62842
This client on port 62849 has uuid f6ce2e2c-0483-44cd-b080-12e4eae96433 configName play-fork-run humanReadableName Play Fork Run protocolVersion 1 featureTags Vector()
Connected Clients: activator-1b54d978-17d5-4704-bcec-150f4cdcbf85, play-fork-run-f6ce2e2c-0483-44cd-b080-12e4eae96433
Taking next connection to: 62842
Checking to see if clients are empty...
No non-daemon clients connected after 3 min. Shutting down.
1 daemon clients are connected.
Server socket thread exiting.
1 clients open, will close them...
All client sockets have been closed.
Closing the 8892@MikesPC logs at Mon May 11 21:30:55 CDT 2015, goodbye.
